[0m09:32:13.600853 [debug] [MainThread]: Sending event: {'category': 'dbt', 'action': 'invocation', 'label': 'start', 'context': [<snowplow_tracker.self_describing_json.SelfDescribingJson object at 0x0000026E2168E510>, <snowplow_tracker.self_describing_json.SelfDescribingJson object at 0x0000026E1E38F390>, <snowplow_tracker.self_describing_json.SelfDescribingJson object at 0x0000026E23A2BED0>]}


============================== 09:32:13.606527 | b58ca7b1-ceef-4307-afc7-995aad57aadc ==============================
[0m09:32:13.606527 [info ] [MainThread]: Running with dbt=1.11.11
[0m09:32:13.607855 [debug] [MainThread]: running dbt with arguments {'version_check': 'True', 'no_print': 'None', 'static_parser': 'True', 'warn_error_options': 'WarnErrorOptionsV2(error=[], warn=[], silence=[])', 'target_path': 'None', 'printer_width': '80', 'write_json': 'True', 'empty': 'None', 'log_cache_events': 'False', 'introspect': 'True', 'cache_selected_only': 'False', 'log_format': 'default', 'debug': 'False', 'fail_fast': 'False', 'partial_parse': 'True', 'send_anonymous_usage_stats': 'True', 'quiet': 'False', 'warn_error': 'None', 'profiles_dir': 'C:\\Users\\nadee\\.dbt', 'use_colors': 'True', 'invocation_command': 'dbt init gold_warehouse', 'indirect_selection': 'eager', 'use_experimental_parser': 'False', 'log_path': 'logs'}
[0m09:32:13.625553 [debug] [MainThread]: Starter project path: C:\Users\nadee\AppData\Roaming\Python\Python313\site-packages\dbt\include\starter_project
[0m09:32:13.650160 [info ] [MainThread]: 
Your new dbt project "gold_warehouse" was created!

For more information on how to configure the profiles.yml file,
please consult the dbt documentation here:

  https://docs.getdbt.com/docs/configure-your-profile

One more thing:

Need help? Don't hesitate to reach out to us via GitHub issues or on Slack:

  https://community.getdbt.com/

Happy modeling!

[0m09:32:13.650869 [info ] [MainThread]: Setting up your profile.
[0m09:32:25.385205 [info ] [MainThread]: Profile gold_warehouse written to C:\Users\nadee\.dbt\profiles.yml using target's sample configuration. Once updated, you'll be able to start developing with dbt.
[0m09:32:25.386674 [debug] [MainThread]: Command `dbt init` succeeded at 09:32:25.386494 after 11.97 seconds
[0m09:32:25.387106 [debug] [MainThread]: Sending event: {'category': 'dbt', 'action': 'invocation', 'label': 'end', 'context': [<snowplow_tracker.self_describing_json.SelfDescribingJson object at 0x0000026E23A3F230>, <snowplow_tracker.self_describing_json.SelfDescribingJson object at 0x0000026E22384B90>, <snowplow_tracker.self_describing_json.SelfDescribingJson object at 0x0000026E23C705A0>]}
[0m09:32:25.387494 [debug] [MainThread]: Flushing usage events
[0m09:32:27.082578 [debug] [MainThread]: An error was encountered while trying to flush usage events
[0m09:37:45.037938 [debug] [MainThread]: Sending event: {'category': 'dbt', 'action': 'invocation', 'label': 'start', 'context': [<snowplow_tracker.self_describing_json.SelfDescribingJson object at 0x000001CD437BE120>, <snowplow_tracker.self_describing_json.SelfDescribingJson object at 0x000001CD4057F390>, <snowplow_tracker.self_describing_json.SelfDescribingJson object at 0x000001CD45CCFED0>]}


============================== 09:37:45.042983 | 5ff6cd97-c0e9-4aef-be62-6bdc289a3df0 ==============================
[0m09:37:45.042983 [info ] [MainThread]: Running with dbt=1.11.11
[0m09:37:45.044312 [debug] [MainThread]: running dbt with arguments {'version_check': 'True', 'no_print': 'None', 'static_parser': 'True', 'warn_error_options': 'WarnErrorOptionsV2(error=[], warn=[], silence=[])', 'target_path': 'None', 'printer_width': '80', 'write_json': 'True', 'empty': 'False', 'log_cache_events': 'False', 'introspect': 'True', 'cache_selected_only': 'False', 'fail_fast': 'False', 'debug': 'False', 'log_format': 'default', 'profiles_dir': 'C:\\Users\\nadee\\.dbt', 'send_anonymous_usage_stats': 'True', 'quiet': 'False', 'warn_error': 'None', 'partial_parse': 'True', 'indirect_selection': 'eager', 'invocation_command': 'dbt run', 'use_colors': 'True', 'use_experimental_parser': 'False', 'log_path': 'logs'}
[0m09:37:45.045593 [error] [MainThread]: Encountered an error:
Runtime Error
  No dbt_project.yml found at expected path E:\Data Engineering\Retail_Data_Lakehouse\dbt_project.yml
  Verify that each entry within packages.yml (and their transitive dependencies) contains a file named dbt_project.yml
  
[0m09:37:45.046909 [debug] [MainThread]: Command `python -m dbt.cli.main run` failed at 09:37:45.046756 after 0.19 seconds
[0m09:37:45.047316 [debug] [MainThread]: Sending event: {'category': 'dbt', 'action': 'invocation', 'label': 'end', 'context': [<snowplow_tracker.self_describing_json.SelfDescribingJson object at 0x000001CD45C6B820>, <snowplow_tracker.self_describing_json.SelfDescribingJson object at 0x000001CD45C972F0>, <snowplow_tracker.self_describing_json.SelfDescribingJson object at 0x000001CD45C827A0>]}
[0m09:37:45.047755 [debug] [MainThread]: Flushing usage events
[0m09:37:46.765452 [debug] [MainThread]: An error was encountered while trying to flush usage events
